Using pre-set license
Built from '2020.3/release' branch; Version is '2020.3.7f1 (dd97f2c94397) revision 14522354'; Using compiler version '192528614'; Build Type 'Release'
OS: 'Windows 10 Home Single Language; OS build 19042.985; Version 2009; 64bit' Language: 'tr' Physical Memory: 6071 MB
BatchMode: 1, IsHumanControllingUs: 0, StartBugReporterOnCrash: 0, Is64bit: 1, IsPro: 0

 COMMAND LINE ARGUMENTS:
C:\Program Files\Unity\Hub\Editor\2020.3.7f1\Editor\Unity.exe
-adb2
-batchMode
-noUpm
-name
AssetImportWorker0
-projectPath
C:/Users/ekimc/Desktop/GameStudio/git/MyProjects/Panteon_Demo
-logFile
Logs/AssetImportWorker0.log
-srvPort
58069
Successfully changed project path to: C:/Users/ekimc/Desktop/GameStudio/git/MyProjects/Panteon_Demo
C:/Users/ekimc/Desktop/GameStudio/git/MyProjects/Panteon_Demo
Using Asset Import Pipeline V2.
Refreshing native plugins compatible for Editor in 44.49 ms, found 0 plugins.
Preloading 0 native plugins for Editor in 0.00 ms.
Initialize engine version: 2020.3.7f1 (dd97f2c94397)
[Subsystems] Discovering subsystems at path C:/Program Files/Unity/Hub/Editor/2020.3.7f1/Editor/Data/Resources/UnitySubsystems
[Subsystems] Discovering subsystems at path C:/Users/ekimc/Desktop/GameStudio/git/MyProjects/Panteon_Demo/Assets
GfxDevice: creating device client; threaded=0
Direct3D:
    Version:  Direct3D 11.0 [level 11.1]
    Renderer: AMD Radeon(TM) Vega 8 Graphics (ID=0x15d8)
    Vendor:   
    VRAM:     3035 MB
    Driver:   27.20.1026.1
Initialize mono
Mono path[0] = 'C:/Program Files/Unity/Hub/Editor/2020.3.7f1/Editor/Data/Managed'
Mono path[1] = 'C:/Program Files/Unity/Hub/Editor/2020.3.7f1/Editor/Data/MonoBleedingEdge/lib/mono/unityjit'
Mono config path = 'C:/Program Files/Unity/Hub/Editor/2020.3.7f1/Editor/Data/MonoBleedingEdge/etc'
Using monoOptions --debugger-agent=transport=dt_socket,embedding=1,server=y,suspend=n,address=127.0.0.1:56272
Begin MonoManager ReloadAssembly
Registering precompiled unity dll's ...
Register platform support module: C:/Program Files/Unity/Hub/Editor/2020.3.7f1/Editor/Data/PlaybackEngines/WindowsStandaloneSupport/UnityEditor.WindowsStandalone.Extensions.dll
Registered in 0.002350 seconds.
Native extension for WindowsStandalone target not found
Refreshing native plugins compatible for Editor in 26.90 ms, found 0 plugins.
Preloading 0 native plugins for Editor in 0.00 ms.
Mono: successfully reloaded assembly
- Completed reload, in  2.086 seconds
Platform modules already initialized, skipping
Registering precompiled user dll's ...
Registered in 0.000875 seconds.
Begin MonoManager ReloadAssembly
Native extension for WindowsStandalone target not found
Refreshing native plugins compatible for Editor in 0.28 ms, found 0 plugins.
Preloading 0 native plugins for Editor in 0.00 ms.
Mono: successfully reloaded assembly
- Completed reload, in  0.993 seconds
Platform modules already initialized, skipping
========================================================================
Worker process is ready to serve import requests
Launched and connected shader compiler UnityShaderCompiler.exe after 0.06 seconds
Refreshing native plugins compatible for Editor in 0.29 ms, found 0 plugins.
Preloading 0 native plugins for Editor in 0.00 ms.
Unloading 1157 Unused Serialized files (Serialized files now loaded: 0)
System memory in use before: 59.0 MB.
System memory in use after: 59.0 MB.

Unloading 9 unused Assets to reduce memory usage. Loaded Objects now: 1606.
Total: 2.607400 ms (FindLiveObjects: 0.197900 ms CreateObjectMapping: 0.048800 ms MarkObjects: 2.269000 ms  DeleteObjects: 0.089700 ms)

========================================================================
Received Import Request.
  path: Assets/Platform/Platform.png
  artifactKey: Guid(78785924dbfdf904495ad4ef9b399e11) Importer(815301076,1909f56bfc062723c751e8b465ee728b)
Start importing Assets/Platform/Platform.png using Guid(78785924dbfdf904495ad4ef9b399e11) Importer(815301076,1909f56bfc062723c751e8b465ee728b)  -> (artifact id: '68a6afeb0d6b97aba39d941b6837fb36') in 0.128728 seconds
  Import took 0.131459 seconds .

========================================================================
Received Import Request.
  Time since last request: 0.000273 seconds.
  path: Assets/Platform/Platform.fbx
  artifactKey: Guid(2967062234ca3bf46b8d5e5365fe36d1) Importer(815301076,1909f56bfc062723c751e8b465ee728b)
Start importing Assets/Platform/Platform.fbx using Guid(2967062234ca3bf46b8d5e5365fe36d1) Importer(815301076,1909f56bfc062723c751e8b465ee728b)  -> (artifact id: '3f4f669d16ace3b424f055884d31560b') in 0.383162 seconds
  Import took 0.385547 seconds .

========================================================================
Received Import Request.
  Time since last request: 7.198894 seconds.
  path: Assets/Scenes/Sample.unity
  artifactKey: Guid(afb979becb0ea994da216ad20e2f8417) Importer(815301076,1909f56bfc062723c751e8b465ee728b)
Start importing Assets/Scenes/Sample.unity using Guid(afb979becb0ea994da216ad20e2f8417) Importer(815301076,1909f56bfc062723c751e8b465ee728b)  -> (artifact id: '15607e895c0e83fdbfe6d66edd5d7f4d') in 0.014705 seconds
  Import took 0.018606 seconds .

========================================================================
Received Import Request.
  Time since last request: 0.008061 seconds.
  path: Assets/Scenes/Sample.unity
  artifactKey: Guid(afb979becb0ea994da216ad20e2f8417) Importer(815301076,1909f56bfc062723c751e8b465ee728b)
Start importing Assets/Scenes/Sample.unity using Guid(afb979becb0ea994da216ad20e2f8417) Importer(815301076,1909f56bfc062723c751e8b465ee728b)  -> (artifact id: '15607e895c0e83fdbfe6d66edd5d7f4d') in 0.005085 seconds
  Import took 0.008248 seconds .

