Using pre-set license
Built from '2020.3/release' branch; Version is '2020.3.2f1 (8fd9074bf66c) revision 9427207'; Using compiler version '192528614'; Build Type 'Release'
OS: 'Windows 10 Home Single Language; OS build 19042.867; Version 2009; 64bit' Language: 'tr' Physical Memory: 6071 MB
BatchMode: 1, IsHumanControllingUs: 0, StartBugReporterOnCrash: 0, Is64bit: 1, IsPro: 0

 COMMAND LINE ARGUMENTS:
C:\Program Files\Unity\Hub\Editor\2020.3.2f1\Editor\Unity.exe
-adb2
-batchMode
-noUpm
-name
AssetImportWorker0
-projectPath
C:/Users/ekimc/Desktop/GameStudio/Trial_1
-logFile
Logs/AssetImportWorker0.log
-srvPort
59802
Successfully changed project path to: C:/Users/ekimc/Desktop/GameStudio/Trial_1
C:/Users/ekimc/Desktop/GameStudio/Trial_1
Using Asset Import Pipeline V2.
Refreshing native plugins compatible for Editor in 30.34 ms, found 0 plugins.
Preloading 0 native plugins for Editor in 0.00 ms.
Initialize engine version: 2020.3.2f1 (8fd9074bf66c)
[Subsystems] Discovering subsystems at path C:/Program Files/Unity/Hub/Editor/2020.3.2f1/Editor/Data/Resources/UnitySubsystems
[Subsystems] Discovering subsystems at path C:/Users/ekimc/Desktop/GameStudio/Trial_1/Assets
GfxDevice: creating device client; threaded=0
Direct3D:
    Version:  Direct3D 11.0 [level 11.1]
    Renderer: AMD Radeon(TM) Vega 8 Graphics (ID=0x15d8)
    Vendor:   
    VRAM:     3035 MB
    Driver:   27.20.1026.1
Initialize mono
Mono path[0] = 'C:/Program Files/Unity/Hub/Editor/2020.3.2f1/Editor/Data/Managed'
Mono path[1] = 'C:/Program Files/Unity/Hub/Editor/2020.3.2f1/Editor/Data/MonoBleedingEdge/lib/mono/unityjit'
Mono config path = 'C:/Program Files/Unity/Hub/Editor/2020.3.2f1/Editor/Data/MonoBleedingEdge/etc'
Using monoOptions --debugger-agent=transport=dt_socket,embedding=1,server=y,suspend=n,address=127.0.0.1:56000
Begin MonoManager ReloadAssembly
Registering precompiled unity dll's ...
Register platform support module: C:/Program Files/Unity/Hub/Editor/2020.3.2f1/Editor/Data/PlaybackEngines/WindowsStandaloneSupport/UnityEditor.WindowsStandalone.Extensions.dll
Registered in 0.002677 seconds.
Native extension for WindowsStandalone target not found
Refreshing native plugins compatible for Editor in 34.00 ms, found 0 plugins.
Preloading 0 native plugins for Editor in 0.00 ms.
Invoked RoslynAnalysisRunner static constructor.
RoslynAnalysisRunner will not be running.
RoslynAnalysisRunner has terminated.
Mono: successfully reloaded assembly
- Completed reload, in  4.423 seconds
Platform modules already initialized, skipping
Registering precompiled user dll's ...
Registered in 0.001476 seconds.
Begin MonoManager ReloadAssembly
Native extension for WindowsStandalone target not found
Refreshing native plugins compatible for Editor in 0.53 ms, found 0 plugins.
Preloading 0 native plugins for Editor in 0.00 ms.
Invoked RoslynAnalysisRunner static constructor.
RoslynAnalysisRunner will not be running.
RoslynAnalysisRunner has terminated.
Mono: successfully reloaded assembly
- Completed reload, in  1.085 seconds
Platform modules already initialized, skipping
========================================================================
Worker process is ready to serve import requests
Launched and connected shader compiler UnityShaderCompiler.exe after 0.07 seconds
Refreshing native plugins compatible for Editor in 0.29 ms, found 0 plugins.
Preloading 0 native plugins for Editor in 0.00 ms.
Unloading 1135 Unused Serialized files (Serialized files now loaded: 0)
System memory in use before: 59.2 MB.
System memory in use after: 59.2 MB.

Unloading 9 unused Assets to reduce memory usage. Loaded Objects now: 1578.
Total: 2.698900 ms (FindLiveObjects: 0.205800 ms CreateObjectMapping: 0.071900 ms MarkObjects: 2.323200 ms  DeleteObjects: 0.096400 ms)

========================================================================
Received Import Request.
  path: Assets/Prefabs/Target.prefab
  artifactKey: Guid(56efc0ad176914143abb6a76a740c2f6) Importer(815301076,1909f56bfc062723c751e8b465ee728b)
Start importing Assets/Prefabs/Target.prefab using Guid(56efc0ad176914143abb6a76a740c2f6) Importer(815301076,1909f56bfc062723c751e8b465ee728b)  -> (artifact id: '1cf59afd8d7ed4ede7314a9e713abea5') in 0.159547 seconds
  Import took 0.163901 seconds .

========================================================================
Received Import Request.
  Time since last request: 0.000349 seconds.
  path: Assets/Prefabs/PlayerBall.prefab
  artifactKey: Guid(c70b9bcca96e49d48a7dcf12c6ae7358) Importer(815301076,1909f56bfc062723c751e8b465ee728b)
Start importing Assets/Prefabs/PlayerBall.prefab using Guid(c70b9bcca96e49d48a7dcf12c6ae7358) Importer(815301076,1909f56bfc062723c751e8b465ee728b)  -> (artifact id: 'c704de6ace6709aa38cb68548359cc99') in 0.038879 seconds
  Import took 0.042415 seconds .

========================================================================
Received Prepare
Registering precompiled user dll's ...
Registered in 0.001467 seconds.
Begin MonoManager ReloadAssembly
Native extension for WindowsStandalone target not found
Refreshing native plugins compatible for Editor in 0.30 ms, found 0 plugins.
Preloading 0 native plugins for Editor in 0.00 ms.
Invoked RoslynAnalysisRunner static constructor.
RoslynAnalysisRunner will not be running.
RoslynAnalysisRunner has terminated.
Mono: successfully reloaded assembly
- Completed reload, in  1.285 seconds
Platform modules already initialized, skipping
Switching build target platform(5) subTarget(0) extendedPlatform(0) -> platform(13) subTarget(537395200) extendedPlatform(0)
Refreshing native plugins compatible for Editor in 0.52 ms, found 0 plugins.
Preloading 0 native plugins for Editor in 0.00 ms.
Unloading 1120 Unused Serialized files (Serialized files now loaded: 0)
System memory in use before: 61.0 MB.
System memory in use after: 61.1 MB.

Unloading 4 unused Assets to reduce memory usage. Loaded Objects now: 1589.
Total: 6.458300 ms (FindLiveObjects: 1.726900 ms CreateObjectMapping: 0.189500 ms MarkObjects: 4.439300 ms  DeleteObjects: 0.098400 ms)

AssetImportParameters requested are different than current active one (requested -> active):
  custom:graphics/normal-map-encoding: 01000000000000000000000000000000 -> 02000000000000000000000000000000
========================================================================
Received Import Request.
  Time since last request: 12.274923 seconds.
  path: Assets/Prefabs/Target.prefab
  artifactKey: Guid(56efc0ad176914143abb6a76a740c2f6) Importer(815301076,1909f56bfc062723c751e8b465ee728b)
Start importing Assets/Prefabs/Target.prefab using Guid(56efc0ad176914143abb6a76a740c2f6) Importer(815301076,1909f56bfc062723c751e8b465ee728b)  -> (artifact id: '0888cf08e4a3b946a231a022f030a553') in 0.127361 seconds
  Import took 0.132394 seconds .

========================================================================
Received Import Request.
  Time since last request: 40.666513 seconds.
  path: Assets/Prefabs/Target.prefab
  artifactKey: Guid(56efc0ad176914143abb6a76a740c2f6) Importer(815301076,1909f56bfc062723c751e8b465ee728b)
Start importing Assets/Prefabs/Target.prefab using Guid(56efc0ad176914143abb6a76a740c2f6) Importer(815301076,1909f56bfc062723c751e8b465ee728b)  -> (artifact id: 'd29b23850cb208cbffb02715a6a0e617') in 0.025400 seconds
  Import took 0.029093 seconds .

========================================================================
Received Import Request.
  Time since last request: 16.828863 seconds.
  path: Assets/Prefabs/Target.prefab
  artifactKey: Guid(56efc0ad176914143abb6a76a740c2f6) Importer(815301076,1909f56bfc062723c751e8b465ee728b)
Start importing Assets/Prefabs/Target.prefab using Guid(56efc0ad176914143abb6a76a740c2f6) Importer(815301076,1909f56bfc062723c751e8b465ee728b)  -> (artifact id: 'e69ace43f7719ef1c6bd0b02be2f9319') in 0.020875 seconds
  Import took 0.024912 seconds .

AssetImportWorkerClient::OnTransportError - code=2 error=End of file
