Using pre-set license
Built from '2020.3/release' branch; Version is '2020.3.2f1 (8fd9074bf66c) revision 9427207'; Using compiler version '192528614'; Build Type 'Release'
OS: 'Windows 10 Home Single Language; OS build 19042.867; Version 2009; 64bit' Language: 'tr' Physical Memory: 6071 MB
BatchMode: 1, IsHumanControllingUs: 0, StartBugReporterOnCrash: 0, Is64bit: 1, IsPro: 0

 COMMAND LINE ARGUMENTS:
C:\Program Files\Unity\Hub\Editor\2020.3.2f1\Editor\Unity.exe
-adb2
-batchMode
-noUpm
-name
AssetImportWorker0
-projectPath
C:/Users/ekimc/Desktop/Unity Pera/Figure Runner
-logFile
Logs/AssetImportWorker0.log
-srvPort
64990
Successfully changed project path to: C:/Users/ekimc/Desktop/Unity Pera/Figure Runner
C:/Users/ekimc/Desktop/Unity Pera/Figure Runner
Using Asset Import Pipeline V2.
Refreshing native plugins compatible for Editor in 64.59 ms, found 0 plugins.
Preloading 0 native plugins for Editor in 0.00 ms.
Initialize engine version: 2020.3.2f1 (8fd9074bf66c)
[Subsystems] Discovering subsystems at path C:/Program Files/Unity/Hub/Editor/2020.3.2f1/Editor/Data/Resources/UnitySubsystems
[Subsystems] Discovering subsystems at path C:/Users/ekimc/Desktop/Unity Pera/Figure Runner/Assets
GfxDevice: creating device client; threaded=0
Direct3D:
    Version:  Direct3D 11.0 [level 11.1]
    Renderer: AMD Radeon(TM) Vega 8 Graphics (ID=0x15d8)
    Vendor:   
    VRAM:     3035 MB
    Driver:   27.20.1026.1
Initialize mono
Mono path[0] = 'C:/Program Files/Unity/Hub/Editor/2020.3.2f1/Editor/Data/Managed'
Mono path[1] = 'C:/Program Files/Unity/Hub/Editor/2020.3.2f1/Editor/Data/MonoBleedingEdge/lib/mono/unityjit'
Mono config path = 'C:/Program Files/Unity/Hub/Editor/2020.3.2f1/Editor/Data/MonoBleedingEdge/etc'
Using monoOptions --debugger-agent=transport=dt_socket,embedding=1,server=y,suspend=n,address=127.0.0.1:56928
Begin MonoManager ReloadAssembly
Registering precompiled unity dll's ...
Register platform support module: C:/Program Files/Unity/Hub/Editor/2020.3.2f1/Editor/Data/PlaybackEngines/WindowsStandaloneSupport/UnityEditor.WindowsStandalone.Extensions.dll
Registered in 0.110283 seconds.
Native extension for WindowsStandalone target not found
Refreshing native plugins compatible for Editor in 59.60 ms, found 0 plugins.
Preloading 0 native plugins for Editor in 0.00 ms.
Invoked RoslynAnalysisRunner static constructor.
RoslynAnalysisRunner will not be running.
RoslynAnalysisRunner has terminated.
Mono: successfully reloaded assembly
- Completed reload, in  6.940 seconds
Platform modules already initialized, skipping
Registering precompiled user dll's ...
Registered in 0.002835 seconds.
Begin MonoManager ReloadAssembly
Native extension for WindowsStandalone target not found
Refreshing native plugins compatible for Editor in 0.52 ms, found 0 plugins.
Preloading 0 native plugins for Editor in 0.00 ms.
Invoked RoslynAnalysisRunner static constructor.
RoslynAnalysisRunner will not be running.
RoslynAnalysisRunner has terminated.
Mono: successfully reloaded assembly
- Completed reload, in  1.846 seconds
Platform modules already initialized, skipping
========================================================================
Worker process is ready to serve import requests
Launched and connected shader compiler UnityShaderCompiler.exe after 0.10 seconds
Refreshing native plugins compatible for Editor in 0.56 ms, found 0 plugins.
Preloading 0 native plugins for Editor in 0.00 ms.
Unloading 1205 Unused Serialized files (Serialized files now loaded: 0)
System memory in use before: 63.1 MB.
System memory in use after: 63.2 MB.

Unloading 9 unused Assets to reduce memory usage. Loaded Objects now: 1654.
Total: 4.226200 ms (FindLiveObjects: 0.490400 ms CreateObjectMapping: 0.154800 ms MarkObjects: 3.421300 ms  DeleteObjects: 0.157000 ms)

========================================================================
Received Import Request.
  path: Assets/Yellow.prefab
  artifactKey: Guid(96eb9cde6daab5b47b8650d7458c8cee) Importer(815301076,1909f56bfc062723c751e8b465ee728b)
Start importing Assets/Yellow.prefab using Guid(96eb9cde6daab5b47b8650d7458c8cee) Importer(815301076,1909f56bfc062723c751e8b465ee728b)  -> (artifact id: '21a5ca0a2b63b2925735ba041dd46db2') in 0.512688 seconds
  Import took 0.517807 seconds .

========================================================================
Received Import Request.
  Time since last request: 0.000450 seconds.
  path: Assets/Blue.prefab
  artifactKey: Guid(ac982bac9fc1698419e48ab1748a9310) Importer(815301076,1909f56bfc062723c751e8b465ee728b)
Start importing Assets/Blue.prefab using Guid(ac982bac9fc1698419e48ab1748a9310) Importer(815301076,1909f56bfc062723c751e8b465ee728b)  -> (artifact id: '090c92647c5417be010203a6b8385440') in 0.113084 seconds
  Import took 0.118410 seconds .

========================================================================
Received Import Request.
  Time since last request: 0.000397 seconds.
  path: Assets/Red.prefab
  artifactKey: Guid(dd14035a44581da479b27919318ef604) Importer(815301076,1909f56bfc062723c751e8b465ee728b)
Start importing Assets/Red.prefab using Guid(dd14035a44581da479b27919318ef604) Importer(815301076,1909f56bfc062723c751e8b465ee728b)  -> (artifact id: '4c78e194e28a9c001165c2c9e8f48c39') in 0.035821 seconds
  Import took 0.040348 seconds .

========================================================================
Received Import Request.
  Time since last request: 0.010271 seconds.
  path: Assets/Red.prefab
  artifactKey: Guid(dd14035a44581da479b27919318ef604) Importer(815301076,1909f56bfc062723c751e8b465ee728b)
Start importing Assets/Red.prefab using Guid(dd14035a44581da479b27919318ef604) Importer(815301076,1909f56bfc062723c751e8b465ee728b)  -> (artifact id: '4c78e194e28a9c001165c2c9e8f48c39') in 0.019972 seconds
  Import took 0.024889 seconds .

========================================================================
Received Prepare
Registering precompiled user dll's ...
Registered in 0.001774 seconds.
Begin MonoManager ReloadAssembly
Native extension for WindowsStandalone target not found
Refreshing native plugins compatible for Editor in 0.33 ms, found 0 plugins.
Preloading 0 native plugins for Editor in 0.00 ms.
Invoked RoslynAnalysisRunner static constructor.
RoslynAnalysisRunner will not be running.
RoslynAnalysisRunner has terminated.
Mono: successfully reloaded assembly
- Completed reload, in  1.065 seconds
Platform modules already initialized, skipping
Switching build target platform(5) subTarget(0) extendedPlatform(0) -> platform(13) subTarget(537395200) extendedPlatform(0)
Refreshing native plugins compatible for Editor in 0.32 ms, found 0 plugins.
Preloading 0 native plugins for Editor in 0.00 ms.
Unloading 1189 Unused Serialized files (Serialized files now loaded: 0)
System memory in use before: 64.5 MB.
System memory in use after: 64.6 MB.

Unloading 4 unused Assets to reduce memory usage. Loaded Objects now: 1665.
Total: 2.286600 ms (FindLiveObjects: 0.206100 ms CreateObjectMapping: 0.056900 ms MarkObjects: 1.999000 ms  DeleteObjects: 0.022800 ms)

AssetImportParameters requested are different than current active one (requested -> active):
  custom:graphics/normal-map-encoding: 01000000000000000000000000000000 -> 02000000000000000000000000000000
AssetImportWorkerClient::OnTransportError - code=2 error=End of file
